# JRE version: OpenJDK Runtime Environment (8.0_152-b01) (build 1.8.0_152-release-1343-b01)
# Java VM: OpenJDK 64-Bit Server VM (25.152-b01 mixed mode windows-amd64 compressed oops)
Heap:
 PSYoungGen      total 270848K, used 9718K [0x00000000e0000000, 0x00000000f1e80000, 0x0000000100000000)
  eden space 253440K, 3% used [0x00000000e0000000,0x00000000e097dbd8,0x00000000ef780000)
  from space 17408K, 0% used [0x00000000f0b00000,0x00000000f0b00000,0x00000000f1c00000)
  to   space 19968K, 0% used [0x00000000ef780000,0x00000000ef780000,0x00000000f0b00000)
 ParOldGen       total 73216K, used 32069K [0x00000000a0000000, 0x00000000a4780000, 0x00000000e0000000)
  object space 73216K, 43% used [0x00000000a0000000,0x00000000a1f51618,0x00000000a4780000)
 Metaspace       used 57911K, capacity 59482K, committed 59672K, reserved 1101824K
  class space    used 7804K, capacity 8154K, committed 8224K, reserved 1048576K
GC Heap History (10 events):
Event: 11.673 GC heap before
{Heap before GC invocations=9 (full 1):
 PSYoungGen      total 141312K, used 14309K [0x00000000e0000000, 0x00000000ec480000, 0x0000000100000000)
  eden space 129536K, 1% used [0x00000000e0000000,0x00000000e027df20,0x00000000e7e80000)
  from space 11776K, 99% used [0x00000000e7e80000,0x00000000e89fb530,0x00000000e8a00000)
  to   space 13824K, 0% used [0x00000000eb700000,0x00000000eb700000,0x00000000ec480000)
 ParOldGen       total 61440K, used 11578K [0x00000000a0000000, 0x00000000a3c00000, 0x00000000e0000000)
  object space 61440K, 18% used [0x00000000a0000000,0x00000000a0b4e840,0x00000000a3c00000)
 Metaspace       used 34678K, capacity 35406K, committed 35496K, reserved 1079296K
  class space    used 4771K, capacity 4988K, committed 5040K, reserved 1048576K
Event: 11.686 GC heap after
Heap after GC invocations=9 (full 1):
 PSYoungGen      total 187904K, used 7682K [0x00000000e0000000, 0x00000000f0a00000, 0x0000000100000000)
  eden space 174080K, 0% used [0x00000000e0000000,0x00000000e0000000,0x00000000eaa00000)
  from space 13824K, 55% used [0x00000000eb700000,0x00000000ebe80bd8,0x00000000ec480000)
  to   space 13312K, 0% used [0x00000000eaa00000,0x00000000eaa00000,0x00000000eb700000)
 ParOldGen       total 61440K, used 11586K [0x00000000a0000000, 0x00000000a3c00000, 0x00000000e0000000)
  object space 61440K, 18% used [0x00000000a0000000,0x00000000a0b50840,0x00000000a3c00000)
 Metaspace       used 34678K, capacity 35406K, committed 35496K, reserved 1079296K
  class space    used 4771K, capacity 4988K, committed 5040K, reserved 1048576K
}
Event: 11.686 GC heap before
{Heap before GC invocations=10 (full 2):
 PSYoungGen      total 187904K, used 7682K [0x00000000e0000000, 0x00000000f0a00000, 0x0000000100000000)
  eden space 174080K, 0% used [0x00000000e0000000,0x00000000e0000000,0x00000000eaa00000)
  from space 13824K, 55% used [0x00000000eb700000,0x00000000ebe80bd8,0x00000000ec480000)
  to   space 13312K, 0% used [0x00000000eaa00000,0x00000000eaa00000,0x00000000eb700000)
 ParOldGen       total 61440K, used 11586K [0x00000000a0000000, 0x00000000a3c00000, 0x00000000e0000000)
  object space 61440K, 18% used [0x00000000a0000000,0x00000000a0b50840,0x00000000a3c00000)
 Metaspace       used 34678K, capacity 35406K, committed 35496K, reserved 1079296K
  class space    used 4771K, capacity 4988K, committed 5040K, reserved 1048576K
Event: 11.798 GC heap after
Heap after GC invocations=10 (full 2):
 PSYoungGen      total 187904K, used 0K [0x00000000e0000000, 0x00000000f0a00000, 0x0000000100000000)
  eden space 174080K, 0% used [0x00000000e0000000,0x00000000e0000000,0x00000000eaa00000)
  from space 13824K, 0% used [0x00000000eb700000,0x00000000eb700000,0x00000000ec480000)
  to   space 13312K, 0% used [0x00000000eaa00000,0x00000000eaa00000,0x00000000eb700000)
 ParOldGen       total 73216K, used 14679K [0x00000000a0000000, 0x00000000a4780000, 0x00000000e0000000)
  object space 73216K, 20% used [0x00000000a0000000,0x00000000a0e55ca0,0x00000000a4780000)
 Metaspace       used 34678K, capacity 35406K, committed 35496K, reserved 1079296K
  class space    used 4771K, capacity 4988K, committed 5040K, reserved 1048576K
}
Event: 15.086 GC heap before
{Heap before GC invocations=11 (full 2):
 PSYoungGen      total 187904K, used 174080K [0x00000000e0000000, 0x00000000f0a00000, 0x0000000100000000)
  eden space 174080K, 100% used [0x00000000e0000000,0x00000000eaa00000,0x00000000eaa00000)
  from space 13824K, 0% used [0x00000000eb700000,0x00000000eb700000,0x00000000ec480000)
  to   space 13312K, 0% used [0x00000000eaa00000,0x00000000eaa00000,0x00000000eb700000)
 ParOldGen       total 73216K, used 14679K [0x00000000a0000000, 0x00000000a4780000, 0x00000000e0000000)
  object space 73216K, 20% used [0x00000000a0000000,0x00000000a0e55ca0,0x00000000a4780000)
 Metaspace       used 50351K, capacity 51390K, committed 51624K, reserved 1093632K
  class space    used 6743K, capacity 7020K, committed 7088K, reserved 1048576K
Event: 15.108 GC heap after
Heap after GC invocations=11 (full 2):
 PSYoungGen      total 187392K, used 13311K [0x00000000e0000000, 0x00000000f1c00000, 0x0000000100000000)
  eden space 174080K, 0% used [0x00000000e0000000,0x00000000e0000000,0x00000000eaa00000)
  from space 13312K, 99% used [0x00000000eaa00000,0x00000000eb6ffeb8,0x00000000eb700000)
  to   space 17408K, 0% used [0x00000000f0b00000,0x00000000f0b00000,0x00000000f1c00000)
 ParOldGen       total 73216K, used 20419K [0x00000000a0000000, 0x00000000a4780000, 0x00000000e0000000)
  object space 73216K, 27% used [0x00000000a0000000,0x00000000a13f0cb0,0x00000000a4780000)
 Metaspace       used 50351K, capacity 51390K, committed 51624K, reserved 1093632K
  class space    used 6743K, capacity 7020K, committed 7088K, reserved 1048576K
}
Event: 16.645 GC heap before
{Heap before GC invocations=12 (full 2):
 PSYoungGen      total 187392K, used 102630K [0x00000000e0000000, 0x00000000f1c00000, 0x0000000100000000)
  eden space 174080K, 51% used [0x00000000e0000000,0x00000000e5739b40,0x00000000eaa00000)
  from space 13312K, 99% used [0x00000000eaa00000,0x00000000eb6ffeb8,0x00000000eb700000)
  to   space 17408K, 0% used [0x00000000f0b00000,0x00000000f0b00000,0x00000000f1c00000)
 ParOldGen       total 73216K, used 20419K [0x00000000a0000000, 0x00000000a4780000, 0x00000000e0000000)
  object space 73216K, 27% used [0x00000000a0000000,0x00000000a13f0cb0,0x00000000a4780000)
 Metaspace       used 57446K, capacity 59050K, committed 59160K, reserved 1099776K
  class space    used 7727K, capacity 8118K, committed 8224K, reserved 1048576K
Event: 16.684 GC heap after
Heap after GC invocations=12 (full 2):
 PSYoungGen      total 270848K, used 17393K [0x00000000e0000000, 0x00000000f1e80000, 0x0000000100000000)
  eden space 253440K, 0% used [0x00000000e0000000,0x00000000e0000000,0x00000000ef780000)
  from space 17408K, 99% used [0x00000000f0b00000,0x00000000f1bfc4a0,0x00000000f1c00000)
  to   space 19968K, 0% used [0x00000000ef780000,0x00000000ef780000,0x00000000f0b00000)
 ParOldGen       total 73216K, used 21471K [0x00000000a0000000, 0x00000000a4780000, 0x00000000e0000000)
  object space 73216K, 29% used [0x00000000a0000000,0x00000000a14f7e70,0x00000000a4780000)
 Metaspace       used 57446K, capacity 59050K, committed 59160K, reserved 1099776K
  class space    used 7727K, capacity 8118K, committed 8224K, reserved 1048576K
}
Event: 16.684 GC heap before
{Heap before GC invocations=13 (full 3):
 PSYoungGen      total 270848K, used 17393K [0x00000000e0000000, 0x00000000f1e80000, 0x0000000100000000)
  eden space 253440K, 0% used [0x00000000e0000000,0x00000000e0000000,0x00000000ef780000)
  from space 17408K, 99% used [0x00000000f0b00000,0x00000000f1bfc4a0,0x00000000f1c00000)
  to   space 19968K, 0% used [0x00000000ef780000,0x00000000ef780000,0x00000000f0b00000)
 ParOldGen       total 73216K, used 21471K [0x00000000a0000000, 0x00000000a4780000, 0x00000000e0000000)
  object space 73216K, 29% used [0x00000000a0000000,0x00000000a14f7e70,0x00000000a4780000)
 Metaspace       used 57446K, capacity 59050K, committed 59160K, reserved 1099776K
  class space    used 7727K, capacity 8118K, committed 8224K, reserved 1048576K
Event: 16.999 GC heap after
Heap after GC invocations=13 (full 3):
 PSYoungGen      total 270848K, used 0K [0x00000000e0000000, 0x00000000f1e80000, 0x0000000100000000)
  eden space 253440K, 0% used [0x00000000e0000000,0x00000000e0000000,0x00000000ef780000)
  from space 17408K, 0% used [0x00000000f0b00000,0x00000000f0b00000,0x00000000f1c00000)
  to   space 19968K, 0% used [0x00000000ef780000,0x00000000ef780000,0x00000000f0b00000)
 ParOldGen       total 73216K, used 32069K [0x00000000a0000000, 0x00000000a4780000, 0x00000000e0000000)
  object space 73216K, 43% used [0x00000000a0000000,0x00000000a1f51618,0x00000000a4780000)
 Metaspace       used 57446K, capacity 59050K, committed 59160K, reserved 1099776K
  class space    used 7727K, capacity 8118K, committed 8224K, reserved 1048576K
}

