# JRE version: OpenJDK Runtime Environment (8.0_152-b01) (build 1.8.0_152-release-1343-b01)
# Java VM: OpenJDK 64-Bit Server VM (25.152-b01 mixed mode windows-amd64 compressed oops)
Heap:
 PSYoungGen      total 200704K, used 102416K [0x00000000e0000000, 0x00000000eda00000, 0x0000000100000000)
  eden space 180224K, 50% used [0x00000000e0000000,0x00000000e5949310,0x00000000eb000000)
  from space 20480K, 53% used [0x00000000ec600000,0x00000000ed0baf08,0x00000000eda00000)
  to   space 21504K, 0% used [0x00000000eb000000,0x00000000eb000000,0x00000000ec500000)
 ParOldGen       total 220160K, used 46738K [0x00000000a0000000, 0x00000000ad700000, 0x00000000e0000000)
  object space 220160K, 21% used [0x00000000a0000000,0x00000000a2da4a80,0x00000000ad700000)
 Metaspace       used 95405K, capacity 101240K, committed 101400K, reserved 1138688K
  class space    used 11757K, capacity 12705K, committed 12832K, reserved 1048576K
GC Heap History (10 events):
Event: 10487.390 GC heap before
{Heap before GC invocations=56 (full 4):
 PSYoungGen      total 193024K, used 190402K [0x00000000e0000000, 0x00000000ed600000, 0x0000000100000000)
  eden space 172032K, 100% used [0x00000000e0000000,0x00000000ea800000,0x00000000ea800000)
  from space 20992K, 87% used [0x00000000ea800000,0x00000000eb9f0968,0x00000000ebc80000)
  to   space 22528K, 0% used [0x00000000ec000000,0x00000000ec000000,0x00000000ed600000)
 ParOldGen       total 220160K, used 46498K [0x00000000a0000000, 0x00000000ad700000, 0x00000000e0000000)
  object space 220160K, 21% used [0x00000000a0000000,0x00000000a2d68a80,0x00000000ad700000)
 Metaspace       used 95126K, capacity 100916K, committed 101144K, reserved 1138688K
  class space    used 11755K, capacity 12705K, committed 12832K, reserved 1048576K
Event: 10487.401 GC heap after
Heap after GC invocations=56 (full 4):
 PSYoungGen      total 197120K, used 9186K [0x00000000e0000000, 0x00000000ed600000, 0x0000000100000000)
  eden space 174592K, 0% used [0x00000000e0000000,0x00000000e0000000,0x00000000eaa80000)
  from space 22528K, 40% used [0x00000000ec000000,0x00000000ec8f8978,0x00000000ed600000)
  to   space 22016K, 0% used [0x00000000eaa80000,0x00000000eaa80000,0x00000000ec000000)
 ParOldGen       total 220160K, used 46530K [0x00000000a0000000, 0x00000000ad700000, 0x00000000e0000000)
  object space 220160K, 21% used [0x00000000a0000000,0x00000000a2d70a80,0x00000000ad700000)
 Metaspace       used 95126K, capacity 100916K, committed 101144K, reserved 1138688K
  class space    used 11755K, capacity 12705K, committed 12832K, reserved 1048576K
}
Event: 11365.625 GC heap before
{Heap before GC invocations=57 (full 4):
 PSYoungGen      total 197120K, used 183778K [0x00000000e0000000, 0x00000000ed600000, 0x0000000100000000)
  eden space 174592K, 100% used [0x00000000e0000000,0x00000000eaa80000,0x00000000eaa80000)
  from space 22528K, 40% used [0x00000000ec000000,0x00000000ec8f8978,0x00000000ed600000)
  to   space 22016K, 0% used [0x00000000eaa80000,0x00000000eaa80000,0x00000000ec000000)
 ParOldGen       total 220160K, used 46530K [0x00000000a0000000, 0x00000000ad700000, 0x00000000e0000000)
  object space 220160K, 21% used [0x00000000a0000000,0x00000000a2d70a80,0x00000000ad700000)
 Metaspace       used 95187K, capacity 101048K, committed 101400K, reserved 1138688K
  class space    used 11756K, capacity 12705K, committed 12832K, reserved 1048576K
Event: 11365.639 GC heap after
Heap after GC invocations=57 (full 4):
 PSYoungGen      total 196608K, used 4544K [0x00000000e0000000, 0x00000000ed900000, 0x0000000100000000)
  eden space 174592K, 0% used [0x00000000e0000000,0x00000000e0000000,0x00000000eaa80000)
  from space 22016K, 20% used [0x00000000eaa80000,0x00000000eaef0000,0x00000000ec000000)
  to   space 22528K, 0% used [0x00000000ec300000,0x00000000ec300000,0x00000000ed900000)
 ParOldGen       total 220160K, used 46554K [0x00000000a0000000, 0x00000000ad700000, 0x00000000e0000000)
  object space 220160K, 21% used [0x00000000a0000000,0x00000000a2d76a80,0x00000000ad700000)
 Metaspace       used 95187K, capacity 101048K, committed 101400K, reserved 1138688K
  class space    used 11756K, capacity 12705K, committed 12832K, reserved 1048576K
}
Event: 11367.996 GC heap before
{Heap before GC invocations=58 (full 4):
 PSYoungGen      total 196608K, used 179136K [0x00000000e0000000, 0x00000000ed900000, 0x0000000100000000)
  eden space 174592K, 100% used [0x00000000e0000000,0x00000000eaa80000,0x00000000eaa80000)
  from space 22016K, 20% used [0x00000000eaa80000,0x00000000eaef0000,0x00000000ec000000)
  to   space 22528K, 0% used [0x00000000ec300000,0x00000000ec300000,0x00000000ed900000)
 ParOldGen       total 220160K, used 46554K [0x00000000a0000000, 0x00000000ad700000, 0x00000000e0000000)
  object space 220160K, 21% used [0x00000000a0000000,0x00000000a2d76a80,0x00000000ad700000)
 Metaspace       used 95212K, capacity 101048K, committed 101400K, reserved 1138688K
  class space    used 11756K, capacity 12705K, committed 12832K, reserved 1048576K
Event: 11368.015 GC heap after
Heap after GC invocations=58 (full 4):
 PSYoungGen      total 200192K, used 8401K [0x00000000e0000000, 0x00000000ed900000, 0x0000000100000000)
  eden space 177664K, 0% used [0x00000000e0000000,0x00000000e0000000,0x00000000ead80000)
  from space 22528K, 37% used [0x00000000ec300000,0x00000000ecb34798,0x00000000ed900000)
  to   space 22016K, 0% used [0x00000000ead80000,0x00000000ead80000,0x00000000ec300000)
 ParOldGen       total 220160K, used 46690K [0x00000000a0000000, 0x00000000ad700000, 0x00000000e0000000)
  object space 220160K, 21% used [0x00000000a0000000,0x00000000a2d98a80,0x00000000ad700000)
 Metaspace       used 95212K, capacity 101048K, committed 101400K, reserved 1138688K
  class space    used 11756K, capacity 12705K, committed 12832K, reserved 1048576K
}
Event: 11449.025 GC heap before
{Heap before GC invocations=59 (full 4):
 PSYoungGen      total 200192K, used 186065K [0x00000000e0000000, 0x00000000ed900000, 0x0000000100000000)
  eden space 177664K, 100% used [0x00000000e0000000,0x00000000ead80000,0x00000000ead80000)
  from space 22528K, 37% used [0x00000000ec300000,0x00000000ecb34798,0x00000000ed900000)
  to   space 22016K, 0% used [0x00000000ead80000,0x00000000ead80000,0x00000000ec300000)
 ParOldGen       total 220160K, used 46690K [0x00000000a0000000, 0x00000000ad700000, 0x00000000e0000000)
  object space 220160K, 21% used [0x00000000a0000000,0x00000000a2d98a80,0x00000000ad700000)
 Metaspace       used 95315K, capacity 101176K, committed 101400K, reserved 1138688K
  class space    used 11756K, capacity 12705K, committed 12832K, reserved 1048576K
Event: 11449.029 GC heap after
Heap after GC invocations=59 (full 4):
 PSYoungGen      total 199680K, used 3122K [0x00000000e0000000, 0x00000000edb80000, 0x0000000100000000)
  eden space 177664K, 0% used [0x00000000e0000000,0x00000000e0000000,0x00000000ead80000)
  from space 22016K, 14% used [0x00000000ead80000,0x00000000eb08cba0,0x00000000ec300000)
  to   space 22016K, 0% used [0x00000000ec600000,0x00000000ec600000,0x00000000edb80000)
 ParOldGen       total 220160K, used 46714K [0x00000000a0000000, 0x00000000ad700000, 0x00000000e0000000)
  object space 220160K, 21% used [0x00000000a0000000,0x00000000a2d9ea80,0x00000000ad700000)
 Metaspace       used 95315K, capacity 101176K, committed 101400K, reserved 1138688K
  class space    used 11756K, capacity 12705K, committed 12832K, reserved 1048576K
}
Event: 11489.131 GC heap before
{Heap before GC invocations=60 (full 4):
 PSYoungGen      total 199680K, used 180786K [0x00000000e0000000, 0x00000000edb80000, 0x0000000100000000)
  eden space 177664K, 100% used [0x00000000e0000000,0x00000000ead80000,0x00000000ead80000)
  from space 22016K, 14% used [0x00000000ead80000,0x00000000eb08cba0,0x00000000ec300000)
  to   space 22016K, 0% used [0x00000000ec600000,0x00000000ec600000,0x00000000edb80000)
 ParOldGen       total 220160K, used 46714K [0x00000000a0000000, 0x00000000ad700000, 0x00000000e0000000)
  object space 220160K, 21% used [0x00000000a0000000,0x00000000a2d9ea80,0x00000000ad700000)
 Metaspace       used 95384K, capacity 101240K, committed 101400K, reserved 1138688K
  class space    used 11757K, capacity 12705K, committed 12832K, reserved 1048576K
Event: 11489.151 GC heap after
Heap after GC invocations=60 (full 4):
 PSYoungGen      total 200704K, used 10987K [0x00000000e0000000, 0x00000000eda00000, 0x0000000100000000)
  eden space 180224K, 0% used [0x00000000e0000000,0x00000000e0000000,0x00000000eb000000)
  from space 20480K, 53% used [0x00000000ec600000,0x00000000ed0baf08,0x00000000eda00000)
  to   space 21504K, 0% used [0x00000000eb000000,0x00000000eb000000,0x00000000ec500000)
 ParOldGen       total 220160K, used 46738K [0x00000000a0000000, 0x00000000ad700000, 0x00000000e0000000)
  object space 220160K, 21% used [0x00000000a0000000,0x00000000a2da4a80,0x00000000ad700000)
 Metaspace       used 95384K, capacity 101240K, committed 101400K, reserved 1138688K
  class space    used 11757K, capacity 12705K, committed 12832K, reserved 1048576K
}

